<?xml version="1.0" encoding="UTF-8"?>
<!-- Generated by org.testng.reporters.JUnitReportReporter -->
<testsuite hostname="Arjun" failures="0" tests="1" name="Tests.singletonTest" time="27.243" errors="0" timestamp="29 Jul 2018 13:13:16 GMT" skipped="0">
  <testcase classname="Tests.singletonTest" name="test1" time="27.243"/>
</testsuite> <!-- Tests.singletonTest -->
